
**** Clean-only build of configuration Default for project Smarthome ****

sh ndk-build clean 

Cannot run program "sh": Launching failed
Error: Program "ndk-build" is not found in PATH

PATH=[C:/ProgramData/Oracle/Java/javapath;C:\Windows\system32;C:\Windows;C:\Windows\System32\Wbem;C:\Windows\System32\WindowsPowerShell\v1.0\;C:\Program Files\Java\jdk1.8.0_131\bin;C:\Program Files\Java\jdk1.8.0_131\jre\bin;C:\Windows\system32\config\systemprofile\.dnx\bin;C:\Program Files\Microsoft DNX\Dnvm\;C:\Program Files\Microsoft SQL Server\130\Tools\Binn\;C:\Program Files (x86)\Windows Kits\8.1\Windows Performance Toolkit\;C:\Program Files\Microsoft SQL Server\120\Tools\Binn\;C:\Program Files (x86)\Microsoft SDKs\TypeScript\1.1\;C:\Program Files\nodejs\;C:\Program Files\nodejs\node_global;C:\Program Files\nodejs\node_modules;D:\softwareDevelopment\Git\cmd;C:\Users\wf\AppData\Local\Microsoft\WindowsApps;C:\Users\wf\AppData\Roaming\npm;D:\softwareDevelopment\apache-maven-3.5.3\bin;D:\softwareDevelopment\Fiddler]

**** Build Finished ****

**** Clean-only build of configuration Default for project Smarthome ****

D:\android\sdk\android-ndk-r10c\ndk-build.cmd clean 
Android NDK: WARNING: APP_PLATFORM android-19 is larger than android:minSdkVersion 10 in ./AndroidManifest.xml    
[armeabi] Clean          : jxsmart [armeabi]
[armeabi] Clean          : stdc++ [armeabi]

**** Build Finished ****

**** Build of configuration Default for project Smarthome ****

D:\android\sdk\android-ndk-r10c\ndk-build.cmd all 
Android NDK: WARNING: APP_PLATFORM android-19 is larger than android:minSdkVersion 10 in ./AndroidManifest.xml    
[armeabi] Compile++ thumb: jxsmart <= jxinteligent.cpp
[armeabi] StaticLibrary  : libstdc++.a
[armeabi] SharedLibrary  : libjxsmart.so
[armeabi] Install        : libjxsmart.so => libs/armeabi/libjxsmart.so

**** Build Finished ****

**** Build of configuration Default for project Smarthome ****

D:\android\sdk\android-ndk-r10c\ndk-build.cmd all 
Android NDK: WARNING: APP_PLATFORM android-19 is larger than android:minSdkVersion 10 in ./AndroidManifest.xml    
[armeabi] Compile++ thumb: jxsmart <= jxinteligent.cpp
[armeabi] SharedLibrary  : libjxsmart.so
[armeabi] Install        : libjxsmart.so => libs/armeabi/libjxsmart.so

**** Build Finished ****

**** Build of configuration Default for project Smarthome ****

D:\android\sdk\android-ndk-r10c\ndk-build.cmd all 
Android NDK: WARNING: APP_PLATFORM android-19 is larger than android:minSdkVersion 10 in ./AndroidManifest.xml    
[armeabi] Install        : libjxsmart.so => libs/armeabi/libjxsmart.so

**** Build Finished ****

**** Clean-only build of configuration Default for project Smarthome ****

D:\android\sdk\android-ndk-r10c\ndk-build.cmd clean 
Android NDK: WARNING: APP_PLATFORM android-19 is larger than android:minSdkVersion 10 in ./AndroidManifest.xml    
[armeabi] Clean          : jxsmart [armeabi]
[armeabi] Clean          : stdc++ [armeabi]

**** Build Finished ****

**** Build of configuration Default for project Smarthome ****

D:\android\sdk\android-ndk-r10c\ndk-build.cmd all 
Android NDK: WARNING: APP_PLATFORM android-19 is larger than android:minSdkVersion 10 in ./AndroidManifest.xml    
[armeabi] Compile++ thumb: jxsmart <= jxinteligent.cpp
[armeabi] StaticLibrary  : libstdc++.a
[armeabi] SharedLibrary  : libjxsmart.so
[armeabi] Install        : libjxsmart.so => libs/armeabi/libjxsmart.so

**** Build Finished ****

**** Build of configuration Default for project Smarthome ****

D:\android\sdk\android-ndk-r10c\ndk-build.cmd all 
Android NDK: WARNING: APP_PLATFORM android-19 is larger than android:minSdkVersion 10 in ./AndroidManifest.xml    
[armeabi] Install        : libjxsmart.so => libs/armeabi/libjxsmart.so

**** Build Finished ****

**** Build of configuration Default for project Smarthome ****

D:\android\sdk\android-ndk-r10c\ndk-build.cmd all 
Android NDK: WARNING: APP_PLATFORM android-19 is larger than android:minSdkVersion 10 in ./AndroidManifest.xml    
[armeabi] Install        : libjxsmart.so => libs/armeabi/libjxsmart.so

**** Build Finished ****

**** Build of configuration Default for project Smarthome ****

D:\android\sdk\android-ndk-r10c\ndk-build.cmd all 
Android NDK: WARNING: APP_PLATFORM android-19 is larger than android:minSdkVersion 10 in ./AndroidManifest.xml    
[armeabi] Install        : libjxsmart.so => libs/armeabi/libjxsmart.so

**** Build Finished ****

**** Build of configuration Default for project Smarthome ****

D:\android\sdk\android-ndk-r10c\ndk-build.cmd all 
Android NDK: WARNING: APP_PLATFORM android-19 is larger than android:minSdkVersion 10 in ./AndroidManifest.xml    
[armeabi] Compile++ thumb: jxsmart <= jxinteligent.cpp
[armeabi] SharedLibrary  : libjxsmart.so
[armeabi] Install        : libjxsmart.so => libs/armeabi/libjxsmart.so

**** Build Finished ****

**** Clean-only build of configuration Default for project Smarthome ****

D:\android\sdk\android-ndk-r10c\ndk-build.cmd clean 
Android NDK: WARNING: APP_PLATFORM android-19 is larger than android:minSdkVersion 10 in ./AndroidManifest.xml    
[armeabi] Clean          : jxsmart [armeabi]
[armeabi] Clean          : stdc++ [armeabi]

**** Build Finished ****

**** Build of configuration Default for project Smarthome ****

D:\android\sdk\android-ndk-r10c\ndk-build.cmd all 
Android NDK: WARNING: APP_PLATFORM android-19 is larger than android:minSdkVersion 10 in ./AndroidManifest.xml    
[armeabi] Compile++ thumb: jxsmart <= jxinteligent.cpp
[armeabi] StaticLibrary  : libstdc++.a
[armeabi] SharedLibrary  : libjxsmart.so
[armeabi] Install        : libjxsmart.so => libs/armeabi/libjxsmart.so

**** Build Finished ****

**** Build of configuration Default for project Smarthome ****

D:\android\sdk\android-ndk-r10c\ndk-build.cmd all 
Android NDK: WARNING: APP_PLATFORM android-19 is larger than android:minSdkVersion 10 in ./AndroidManifest.xml    
[armeabi] Install        : libjxsmart.so => libs/armeabi/libjxsmart.so

**** Build Finished ****

**** Build of configuration Default for project Smarthome ****

D:\android\sdk\android-ndk-r10c\ndk-build.cmd all 
Android NDK: WARNING: APP_PLATFORM android-19 is larger than android:minSdkVersion 10 in ./AndroidManifest.xml    
[armeabi] Install        : libjxsmart.so => libs/armeabi/libjxsmart.so

**** Build Finished ****

**** Build of configuration Default for project Smarthome ****

D:\android\sdk\android-ndk-r10c\ndk-build.cmd all 
Android NDK: WARNING: APP_PLATFORM android-19 is larger than android:minSdkVersion 10 in ./AndroidManifest.xml    
[armeabi] Install        : libjxsmart.so => libs/armeabi/libjxsmart.so

**** Build Finished ****

**** Build of configuration Default for project Smarthome ****

D:\android\sdk\android-ndk-r10c\ndk-build.cmd all 
Android NDK: WARNING: APP_PLATFORM android-19 is larger than android:minSdkVersion 10 in ./AndroidManifest.xml    
[armeabi] Install        : libjxsmart.so => libs/armeabi/libjxsmart.so

**** Build Finished ****

**** Build of configuration Default for project Smarthome ****

D:\android\sdk\android-ndk-r10c\ndk-build.cmd all 
Android NDK: WARNING: APP_PLATFORM android-19 is larger than android:minSdkVersion 10 in ./AndroidManifest.xml    
[armeabi] Install        : libjxsmart.so => libs/armeabi/libjxsmart.so

**** Build Finished ****

**** Clean-only build of configuration Default for project Smarthome ****

D:\android\sdk\android-ndk-r10c\ndk-build.cmd clean 
Android NDK: WARNING: APP_PLATFORM android-19 is larger than android:minSdkVersion 10 in ./AndroidManifest.xml    
[armeabi] Clean          : jxsmart [armeabi]
[armeabi] Clean          : stdc++ [armeabi]

**** Build Finished ****

**** Build of configuration Default for project Smarthome ****

D:\android\sdk\android-ndk-r10c\ndk-build.cmd all 
Android NDK: WARNING: APP_PLATFORM android-19 is larger than android:minSdkVersion 10 in ./AndroidManifest.xml    
[armeabi] Compile++ thumb: jxsmart <= jxinteligent.cpp
[armeabi] StaticLibrary  : libstdc++.a
[armeabi] SharedLibrary  : libjxsmart.so
[armeabi] Install        : libjxsmart.so => libs/armeabi/libjxsmart.so

**** Build Finished ****

**** Build of configuration Default for project Smarthome ****

D:\android\sdk\android-ndk-r10c\ndk-build.cmd all 
Android NDK: WARNING: APP_PLATFORM android-19 is larger than android:minSdkVersion 10 in ./AndroidManifest.xml    
[armeabi] Install        : libjxsmart.so => libs/armeabi/libjxsmart.so

**** Build Finished ****

**** Build of configuration Default for project Smarthome ****

D:\android\sdk\android-ndk-r10c\ndk-build.cmd all 
Android NDK: WARNING: APP_PLATFORM android-19 is larger than android:minSdkVersion 10 in ./AndroidManifest.xml    
[armeabi] Install        : libjxsmart.so => libs/armeabi/libjxsmart.so

**** Build Finished ****

**** Build of configuration Default for project Smarthome ****

D:\android\sdk\android-ndk-r10c\ndk-build.cmd all 
Android NDK: WARNING: APP_PLATFORM android-19 is larger than android:minSdkVersion 10 in ./AndroidManifest.xml    
[armeabi] Install        : libjxsmart.so => libs/armeabi/libjxsmart.so

**** Build Finished ****

**** Build of configuration Default for project Smarthome ****

D:\android\sdk\android-ndk-r10c\ndk-build.cmd all 
Android NDK: WARNING: APP_PLATFORM android-19 is larger than android:minSdkVersion 10 in ./AndroidManifest.xml    
[armeabi] Install        : libjxsmart.so => libs/armeabi/libjxsmart.so

**** Build Finished ****

**** Build of configuration Default for project Smarthome ****

D:\android\sdk\android-ndk-r10c\ndk-build.cmd all 
Android NDK: WARNING: APP_PLATFORM android-19 is larger than android:minSdkVersion 10 in ./AndroidManifest.xml    
[armeabi] Install        : libjxsmart.so => libs/armeabi/libjxsmart.so

**** Build Finished ****

**** Build of configuration Default for project Smarthome ****

D:\android\sdk\android-ndk-r10c\ndk-build.cmd all 
Android NDK: WARNING: APP_PLATFORM android-19 is larger than android:minSdkVersion 10 in ./AndroidManifest.xml    
[armeabi] Install        : libjxsmart.so => libs/armeabi/libjxsmart.so

**** Build Finished ****

**** Build of configuration Default for project Smarthome ****

D:\android\sdk\android-ndk-r10c\ndk-build.cmd all 
Android NDK: WARNING: APP_PLATFORM android-19 is larger than android:minSdkVersion 10 in ./AndroidManifest.xml    
[armeabi] Install        : libjxsmart.so => libs/armeabi/libjxsmart.so

**** Build Finished ****

**** Build of configuration Default for project Smarthome ****

D:\android\sdk\android-ndk-r10c\ndk-build.cmd all 
Android NDK: WARNING: APP_PLATFORM android-19 is larger than android:minSdkVersion 10 in ./AndroidManifest.xml    
[armeabi] Install        : libjxsmart.so => libs/armeabi/libjxsmart.so

**** Build Finished ****

**** Build of configuration Default for project Smarthome ****

D:\android\sdk\android-ndk-r10c\ndk-build.cmd all 
Android NDK: WARNING: APP_PLATFORM android-19 is larger than android:minSdkVersion 10 in ./AndroidManifest.xml    
[armeabi] Install        : libjxsmart.so => libs/armeabi/libjxsmart.so

**** Build Finished ****

**** Build of configuration Default for project Smarthome ****

D:\android\sdk\android-ndk-r10c\ndk-build.cmd all 
Android NDK: WARNING: APP_PLATFORM android-19 is larger than android:minSdkVersion 10 in ./AndroidManifest.xml    
[armeabi] Install        : libjxsmart.so => libs/armeabi/libjxsmart.so

**** Build Finished ****

**** Build of configuration Default for project Smarthome ****

D:\android\sdk\android-ndk-r10c\ndk-build.cmd all 
Android NDK: WARNING: APP_PLATFORM android-19 is larger than android:minSdkVersion 10 in ./AndroidManifest.xml    
[armeabi] Install        : libjxsmart.so => libs/armeabi/libjxsmart.so

**** Build Finished ****

**** Build of configuration Default for project Smarthome ****

D:\android\sdk\android-ndk-r10c\ndk-build.cmd all 
Android NDK: WARNING: APP_PLATFORM android-19 is larger than android:minSdkVersion 10 in ./AndroidManifest.xml    
[armeabi] Install        : libjxsmart.so => libs/armeabi/libjxsmart.so

**** Build Finished ****

**** Build of configuration Default for project Smarthome ****

D:\android\sdk\android-ndk-r10c\ndk-build.cmd all 
Android NDK: WARNING: APP_PLATFORM android-19 is larger than android:minSdkVersion 10 in ./AndroidManifest.xml    
[armeabi] Install        : libjxsmart.so => libs/armeabi/libjxsmart.so

**** Build Finished ****

**** Build of configuration Default for project Smarthome ****

D:\android\sdk\android-ndk-r10c\ndk-build.cmd all 
Android NDK: WARNING: APP_PLATFORM android-19 is larger than android:minSdkVersion 10 in ./AndroidManifest.xml    
[armeabi] Install        : libjxsmart.so => libs/armeabi/libjxsmart.so

**** Build Finished ****

**** Clean-only build of configuration Default for project Smarthome ****

D:\android\sdk\android-ndk-r10c\ndk-build.cmd clean 
Android NDK: WARNING: APP_PLATFORM android-19 is larger than android:minSdkVersion 10 in ./AndroidManifest.xml    
[armeabi] Clean          : jxsmart [armeabi]
[armeabi] Clean          : stdc++ [armeabi]

**** Build Finished ****

**** Build of configuration Default for project Smarthome ****

D:\android\sdk\android-ndk-r10c\ndk-build.cmd all 
Android NDK: WARNING: APP_PLATFORM android-19 is larger than android:minSdkVersion 10 in ./AndroidManifest.xml    
[armeabi] Compile++ thumb: jxsmart <= jxinteligent.cpp
[armeabi] StaticLibrary  : libstdc++.a
[armeabi] SharedLibrary  : libjxsmart.so
[armeabi] Install        : libjxsmart.so => libs/armeabi/libjxsmart.so

**** Build Finished ****

**** Build of configuration Default for project Smarthome ****

D:\android\sdk\android-ndk-r10c\ndk-build.cmd all 
Android NDK: WARNING: APP_PLATFORM android-19 is larger than android:minSdkVersion 10 in ./AndroidManifest.xml    
[armeabi] Install        : libjxsmart.so => libs/armeabi/libjxsmart.so

**** Build Finished ****

**** Build of configuration Default for project Smarthome ****

D:\android\sdk\android-ndk-r10c\ndk-build.cmd all 
Android NDK: WARNING: APP_PLATFORM android-19 is larger than android:minSdkVersion 10 in ./AndroidManifest.xml    
[armeabi] Install        : libjxsmart.so => libs/armeabi/libjxsmart.so

**** Build Finished ****

**** Build of configuration Default for project Smarthome ****

D:\android\sdk\android-ndk-r10c\ndk-build.cmd all 
Android NDK: WARNING: APP_PLATFORM android-19 is larger than android:minSdkVersion 10 in ./AndroidManifest.xml    
[armeabi] Install        : libjxsmart.so => libs/armeabi/libjxsmart.so

**** Build Finished ****

**** Build of configuration Default for project Smarthome ****

D:\android\sdk\android-ndk-r10c\ndk-build.cmd all 
Android NDK: WARNING: APP_PLATFORM android-19 is larger than android:minSdkVersion 10 in ./AndroidManifest.xml    
[armeabi] Install        : libjxsmart.so => libs/armeabi/libjxsmart.so

**** Build Finished ****

**** Build of configuration Default for project Smarthome ****

D:\android\sdk\android-ndk-r10c\ndk-build.cmd all 
Android NDK: WARNING: APP_PLATFORM android-19 is larger than android:minSdkVersion 10 in ./AndroidManifest.xml    
[armeabi] Install        : libjxsmart.so => libs/armeabi/libjxsmart.so

**** Build Finished ****
